{"uuid":"ab3bb440-85b9-4813-8baf-205eb71c8763","historyId":"6078ce6ddd8282d4a35d940ecba74ee0","fullName":"com.qnsz.windowsuiauto.testcase.login.ReservedConferenceTest.test1PageVerification","labels":[{"name":"package","value":"com.qnsz.windowsuiauto.testcase.login.ReservedConferenceTest"},{"name":"testClass","value":"com.qnsz.windowsuiauto.testcase.login.ReservedConferenceTest"},{"name":"testMethod","value":"test1PageVerification"},{"name":"parentSuite","value":"预约会议测试"},{"name":"suite","value":"测试1"},{"name":"subSuite","value":"com.qnsz.windowsuiauto.testcase.login.ReservedConferenceTest"},{"name":"host","value":"lixijun"},{"name":"thread","value":"104688@lixijun.main(1)"},{"name":"framework","value":"testng"},{"name":"language","value":"java"}],"links":[],"name":"预约会议-单页面校验","status":"skipped","statusDetails":{"known":false,"muted":false,"flaky":false,"message":"Unable to create a new remote session. Please check the server log for more details. Original error: 'automationName' can't be blank\nBuild info: version: '3.141.59', revision: 'e82be7d358', time: '2018-11-14T08:17:03'\nSystem info: host: 'LIXIJUN', ip: '172.25.11.194', os.name: 'Windows 10', os.arch: 'amd64', os.version: '10.0', java.version: '1.8.0_131'\nDriver info: driver.version: AppiumDriver\nremote stacktrace: InvalidArgumentError: 'automationName' can't be blank\n    at processCapabilities (C:\\Users\\l1791\\AppData\\Roaming\\npm\\node_modules\\appium\\node_modules\\@appium\\base-driver\\lib\\basedriver\\capabilities.js:330:13)\n    at parseCapsForInnerDriver (C:\\Users\\l1791\\AppData\\Roaming\\npm\\node_modules\\appium\\lib\\utils.js:134:21)\n    at AppiumDriver.createSession (C:\\Users\\l1791\\AppData\\Roaming\\npm\\node_modules\\appium\\lib\\appium.js:241:26)\n    at commandExecutor (C:\\Users\\l1791\\AppData\\Roaming\\npm\\node_modules\\appium\\node_modules\\@appium\\base-driver\\lib\\basedriver\\driver.js:126:9)\n    at AppiumDriver.executeCommand (C:\\Users\\l1791\\AppData\\Roaming\\npm\\node_modules\\appium\\node_modules\\@appium\\base-driver\\lib\\basedriver\\driver.js:143:15)\n    at processTicksAndRejections (node:internal/process/task_queues:95:5)\n    at defaultBehavior (C:\\Users\\l1791\\AppData\\Roaming\\npm\\node_modules\\appium\\lib\\appium.js:668:16)\n    at AppiumDriver.executeWrappedCommand (C:\\Users\\l1791\\AppData\\Roaming\\npm\\node_modules\\appium\\lib\\appium.js:762:16)\n    at AppiumDriver.executeCommand (C:\\Users\\l1791\\AppData\\Roaming\\npm\\node_modules\\appium\\lib\\appium.js:684:17)\n    at asyncHandler (C:\\Users\\l1791\\AppData\\Roaming\\npm\\node_modules\\appium\\node_modules\\@appium\\base-driver\\lib\\protocol\\protocol.js:346:19)\nBuild info: version: '3.141.59', revision: 'e82be7d358', time: '2018-11-14T08:17:03'\nSystem info: host: 'LIXIJUN', ip: '172.25.11.194', os.name: 'Windows 10', os.arch: 'amd64', os.version: '10.0', java.version: '1.8.0_131'\nDriver info: driver.version: AppiumDriver","trace":"org.openqa.selenium.SessionNotCreatedException: Unable to create a new remote session. Please check the server log for more details. Original error: 'automationName' can't be blank\nBuild info: version: '3.141.59', revision: 'e82be7d358', time: '2018-11-14T08:17:03'\nSystem info: host: 'LIXIJUN', ip: '172.25.11.194', os.name: 'Windows 10', os.arch: 'amd64', os.version: '10.0', java.version: '1.8.0_131'\nDriver info: driver.version: AppiumDriver\nremote stacktrace: InvalidArgumentError: 'automationName' can't be blank\n    at processCapabilities (C:\\Users\\l1791\\AppData\\Roaming\\npm\\node_modules\\appium\\node_modules\\@appium\\base-driver\\lib\\basedriver\\capabilities.js:330:13)\n    at parseCapsForInnerDriver (C:\\Users\\l1791\\AppData\\Roaming\\npm\\node_modules\\appium\\lib\\utils.js:134:21)\n    at AppiumDriver.createSession (C:\\Users\\l1791\\AppData\\Roaming\\npm\\node_modules\\appium\\lib\\appium.js:241:26)\n    at commandExecutor (C:\\Users\\l1791\\AppData\\Roaming\\npm\\node_modules\\appium\\node_modules\\@appium\\base-driver\\lib\\basedriver\\driver.js:126:9)\n    at AppiumDriver.executeCommand (C:\\Users\\l1791\\AppData\\Roaming\\npm\\node_modules\\appium\\node_modules\\@appium\\base-driver\\lib\\basedriver\\driver.js:143:15)\n    at processTicksAndRejections (node:internal/process/task_queues:95:5)\n    at defaultBehavior (C:\\Users\\l1791\\AppData\\Roaming\\npm\\node_modules\\appium\\lib\\appium.js:668:16)\n    at AppiumDriver.executeWrappedCommand (C:\\Users\\l1791\\AppData\\Roaming\\npm\\node_modules\\appium\\lib\\appium.js:762:16)\n    at AppiumDriver.executeCommand (C:\\Users\\l1791\\AppData\\Roaming\\npm\\node_modules\\appium\\lib\\appium.js:684:17)\n    at asyncHandler (C:\\Users\\l1791\\AppData\\Roaming\\npm\\node_modules\\appium\\node_modules\\@appium\\base-driver\\lib\\protocol\\protocol.js:346:19)\nBuild info: version: '3.141.59', revision: 'e82be7d358', time: '2018-11-14T08:17:03'\nSystem info: host: 'LIXIJUN', ip: '172.25.11.194', os.name: 'Windows 10', os.arch: 'amd64', os.version: '10.0', java.version: '1.8.0_131'\nDriver info: driver.version: AppiumDriver\r\n\tat io.appium.java_client.remote.AppiumCommandExecutor$1.createSession(AppiumCommandExecutor.java:208)\r\n\tat io.appium.java_client.remote.AppiumCommandExecutor.createSession(AppiumCommandExecutor.java:217)\r\n\tat io.appium.java_client.remote.AppiumCommandExecutor.execute(AppiumCommandExecutor.java:239)\r\n\tat org.openqa.selenium.remote.RemoteWebDriver.execute(RemoteWebDriver.java:552)\r\n\tat io.appium.java_client.DefaultGenericMobileDriver.execute(DefaultGenericMobileDriver.java:41)\r\n\tat io.appium.java_client.AppiumDriver.execute(AppiumDriver.java:1)\r\n\tat org.openqa.selenium.remote.RemoteWebDriver.startSession(RemoteWebDriver.java:213)\r\n\tat io.appium.java_client.AppiumDriver.startSession(AppiumDriver.java:323)\r\n\tat org.openqa.selenium.remote.RemoteWebDriver.<init>(RemoteWebDriver.java:131)\r\n\tat io.appium.java_client.DefaultGenericMobileDriver.<init>(DefaultGenericMobileDriver.java:37)\r\n\tat io.appium.java_client.AppiumDriver.<init>(AppiumDriver.java:86)\r\n\tat io.appium.java_client.AppiumDriver.<init>(AppiumDriver.java:96)\r\n\tat com.qnsz.windowsuiauto.utils.General.getComputerOne(General.java:72)\r\n\tat com.qnsz.windowsuiauto.testcase.login.ReservedConferenceTestBase.init(ReservedConferenceTestBase.java:19)\r\n\tat sun.reflect.NativeMethodAccessorImpl.invoke0(Native Method)\r\n\tat sun.reflect.NativeMethodAccessorImpl.invoke(NativeMethodAccessorImpl.java:62)\r\n\tat sun.reflect.DelegatingMethodAccessorImpl.invoke(DelegatingMethodAccessorImpl.java:43)\r\n\tat java.lang.reflect.Method.invoke(Method.java:498)\r\n\tat org.testng.internal.MethodInvocationHelper.invokeMethod(MethodInvocationHelper.java:124)\r\n\tat org.testng.internal.MethodInvocationHelper.invokeMethodConsideringTimeout(MethodInvocationHelper.java:59)\r\n\tat org.testng.internal.Invoker.invokeConfigurationMethod(Invoker.java:458)\r\n\tat org.testng.internal.Invoker.invokeConfigurations(Invoker.java:222)\r\n\tat org.testng.internal.Invoker.invokeConfigurations(Invoker.java:142)\r\n\tat org.testng.internal.TestMethodWorker.invokeBeforeClassMethods(TestMethodWorker.java:168)\r\n\tat org.testng.internal.TestMethodWorker.run(TestMethodWorker.java:105)\r\n\tat org.testng.TestRunner.privateRun(TestRunner.java:648)\r\n\tat org.testng.TestRunner.run(TestRunner.java:505)\r\n\tat org.testng.SuiteRunner.runTest(SuiteRunner.java:455)\r\n\tat org.testng.SuiteRunner.runSequentially(SuiteRunner.java:450)\r\n\tat org.testng.SuiteRunner.privateRun(SuiteRunner.java:415)\r\n\tat org.testng.SuiteRunner.run(SuiteRunner.java:364)\r\n\tat org.testng.SuiteRunnerWorker.runSuite(SuiteRunnerWorker.java:52)\r\n\tat org.testng.SuiteRunnerWorker.run(SuiteRunnerWorker.java:84)\r\n\tat org.testng.TestNG.runSuitesSequentially(TestNG.java:1208)\r\n\tat org.testng.TestNG.runSuitesLocally(TestNG.java:1137)\r\n\tat org.testng.TestNG.runSuites(TestNG.java:1049)\r\n\tat org.testng.TestNG.run(TestNG.java:1017)\r\n\tat com.intellij.rt.testng.IDEARemoteTestNG.run(IDEARemoteTestNG.java:66)\r\n\tat com.intellij.rt.testng.RemoteTestNGStarter.main(RemoteTestNGStarter.java:109)\r\nCaused by: java.lang.reflect.InvocationTargetException\r\n\tat sun.reflect.NativeMethodAccessorImpl.invoke0(Native Method)\r\n\tat sun.reflect.NativeMethodAccessorImpl.invoke(NativeMethodAccessorImpl.java:62)\r\n\tat sun.reflect.DelegatingMethodAccessorImpl.invoke(DelegatingMethodAccessorImpl.java:43)\r\n\tat java.lang.reflect.Method.invoke(Method.java:498)\r\n\tat io.appium.java_client.remote.AppiumCommandExecutor$1.createSession(AppiumCommandExecutor.java:186)\r\n\t... 38 more\r\nCaused by: org.openqa.selenium.InvalidArgumentException: 'automationName' can't be blank\nBuild info: version: '3.141.59', revision: 'e82be7d358', time: '2018-11-14T08:17:03'\nSystem info: host: 'LIXIJUN', ip: '172.25.11.194', os.name: 'Windows 10', os.arch: 'amd64', os.version: '10.0', java.version: '1.8.0_131'\nDriver info: driver.version: AppiumDriver\nremote stacktrace: InvalidArgumentError: 'automationName' can't be blank\n    at processCapabilities (C:\\Users\\l1791\\AppData\\Roaming\\npm\\node_modules\\appium\\node_modules\\@appium\\base-driver\\lib\\basedriver\\capabilities.js:330:13)\n    at parseCapsForInnerDriver (C:\\Users\\l1791\\AppData\\Roaming\\npm\\node_modules\\appium\\lib\\utils.js:134:21)\n    at AppiumDriver.createSession (C:\\Users\\l1791\\AppData\\Roaming\\npm\\node_modules\\appium\\lib\\appium.js:241:26)\n    at commandExecutor (C:\\Users\\l1791\\AppData\\Roaming\\npm\\node_modules\\appium\\node_modules\\@appium\\base-driver\\lib\\basedriver\\driver.js:126:9)\n    at AppiumDriver.executeCommand (C:\\Users\\l1791\\AppData\\Roaming\\npm\\node_modules\\appium\\node_modules\\@appium\\base-driver\\lib\\basedriver\\driver.js:143:15)\n    at processTicksAndRejections (node:internal/process/task_queues:95:5)\n    at defaultBehavior (C:\\Users\\l1791\\AppData\\Roaming\\npm\\node_modules\\appium\\lib\\appium.js:668:16)\n    at AppiumDriver.executeWrappedCommand (C:\\Users\\l1791\\AppData\\Roaming\\npm\\node_modules\\appium\\lib\\appium.js:762:16)\n    at AppiumDriver.executeCommand (C:\\Users\\l1791\\AppData\\Roaming\\npm\\node_modules\\appium\\lib\\appium.js:684:17)\n    at asyncHandler (C:\\Users\\l1791\\AppData\\Roaming\\npm\\node_modules\\appium\\node_modules\\@appium\\base-driver\\lib\\protocol\\protocol.js:346:19)\r\n\tat sun.reflect.NativeConstructorAccessorImpl.newInstance0(Native Method)\r\n\tat sun.reflect.NativeConstructorAccessorImpl.newInstance(NativeConstructorAccessorImpl.java:62)\r\n\tat sun.reflect.DelegatingConstructorAccessorImpl.newInstance(DelegatingConstructorAccessorImpl.java:45)\r\n\tat java.lang.reflect.Constructor.newInstance(Constructor.java:423)\r\n\tat org.openqa.selenium.remote.W3CHandshakeResponse.lambda$errorHandler$0(W3CHandshakeResponse.java:62)\r\n\tat org.openqa.selenium.remote.HandshakeResponse.lambda$getResponseFunction$0(HandshakeResponse.java:30)\r\n\tat org.openqa.selenium.remote.ProtocolHandshake.lambda$createSession$0(ProtocolHandshake.java:126)\r\n\tat java.util.stream.ReferencePipeline$3$1.accept(ReferencePipeline.java:193)\r\n\tat java.util.Spliterators$ArraySpliterator.tryAdvance(Spliterators.java:958)\r\n\tat java.util.stream.ReferencePipeline.forEachWithCancel(ReferencePipeline.java:126)\r\n\tat java.util.stream.AbstractPipeline.copyIntoWithCancel(AbstractPipeline.java:498)\r\n\tat java.util.stream.AbstractPipeline.copyInto(AbstractPipeline.java:485)\r\n\tat java.util.stream.AbstractPipeline.wrapAndCopyInto(AbstractPipeline.java:471)\r\n\tat java.util.stream.FindOps$FindOp.evaluateSequential(FindOps.java:152)\r\n\tat java.util.stream.AbstractPipeline.evaluate(AbstractPipeline.java:234)\r\n\tat java.util.stream.ReferencePipeline.findFirst(ReferencePipeline.java:464)\r\n\tat org.openqa.selenium.remote.ProtocolHandshake.createSession(ProtocolHandshake.java:128)\r\n\t... 43 more\r\n"},"stage":"finished","description":"预约会议-单页面校验","steps":[],"attachments":[],"parameters":[],"start":1693216539986,"stop":1693216539986}